[INFO]: Logging setup completed at 11-08-2024-105029        (utils.py:62 [11-08-2024 10:50:29])
[ERROR]: No such comm target registered: jupyter.widget.control        (manager.py:46 [11-08-2024 10:50:42])
[WARNING]: No such comm: 1e981a47-dba1-42d6-ba4c-38a1ef0f8102        (base_comm.py:212 [11-08-2024 10:50:42])
[DEBUG]: Current comms: []        (base_comm.py:215 [11-08-2024 10:50:42])
[ERROR]: No such comm target registered: jupyter.widget.control        (manager.py:46 [11-08-2024 13:24:30])
[WARNING]: No such comm: 3059d46f-a856-4d5d-a1a9-6ecaaede2528        (base_comm.py:212 [11-08-2024 13:24:30])
[DEBUG]: Current comms: []        (base_comm.py:215 [11-08-2024 13:24:30])
[ERROR]: No such comm target registered: jupyter.widget.control        (manager.py:46 [11-08-2024 16:31:12])
[WARNING]: No such comm: 2a8e56de-abda-4274-acde-3eabb9db651d        (base_comm.py:212 [11-08-2024 16:31:12])
[DEBUG]: Current comms: []        (base_comm.py:215 [11-08-2024 16:31:12])
[ERROR]: No such comm target registered: jupyter.widget.control        (manager.py:46 [11-08-2024 18:19:19])
[WARNING]: No such comm: d992766a-d29b-448b-8d86-b422e6acfa27        (base_comm.py:212 [11-08-2024 18:19:19])
[DEBUG]: Current comms: []        (base_comm.py:215 [11-08-2024 18:19:19])
[ERROR]: No such comm target registered: jupyter.widget.control        (manager.py:46 [11-08-2024 19:51:18])
[WARNING]: No such comm: fd7eb1e5-c883-4255-b3b5-74b66adf09f0        (base_comm.py:212 [11-08-2024 19:51:18])
[DEBUG]: Current comms: []        (base_comm.py:215 [11-08-2024 19:51:18])
[ERROR]: No such comm target registered: jupyter.widget.control        (manager.py:46 [11-08-2024 20:22:14])
[WARNING]: No such comm: 9b27cbc7-580a-4b3f-9192-9a3b7a18768b        (base_comm.py:212 [11-08-2024 20:22:14])
[DEBUG]: Current comms: []        (base_comm.py:215 [11-08-2024 20:22:14])
[ERROR]: No such comm target registered: jupyter.widget.control        (manager.py:46 [11-08-2024 23:39:05])
[WARNING]: No such comm: 8e07d98a-8428-4a2c-8fae-89f953e339b8        (base_comm.py:212 [11-08-2024 23:39:05])
[DEBUG]: Current comms: []        (base_comm.py:215 [11-08-2024 23:39:05])
[ERROR]: No such comm target registered: jupyter.widget.control        (manager.py:46 [12-08-2024 09:00:48])
[WARNING]: No such comm: b29330f4-4af6-4715-b3dd-8edb36f423d2        (base_comm.py:212 [12-08-2024 09:00:48])
[DEBUG]: Current comms: []        (base_comm.py:215 [12-08-2024 09:00:48])
[ERROR]: No such comm target registered: jupyter.widget.control        (manager.py:46 [12-08-2024 10:45:39])
[WARNING]: No such comm: 188aa489-38ea-422f-80c4-60be028e42ef        (base_comm.py:212 [12-08-2024 10:45:39])
[DEBUG]: Current comms: []        (base_comm.py:215 [12-08-2024 10:45:39])
[ERROR]: No such comm target registered: jupyter.widget.control        (manager.py:46 [12-08-2024 13:49:54])
[WARNING]: No such comm: f2f59de6-0a2c-4587-bf6e-9263e4a730dd        (base_comm.py:212 [12-08-2024 13:49:54])
[DEBUG]: Current comms: []        (base_comm.py:215 [12-08-2024 13:49:54])
[ERROR]: No such comm target registered: jupyter.widget.control        (manager.py:46 [12-08-2024 14:48:49])
[WARNING]: No such comm: e3584bd8-be55-439e-9e1d-7c774eb58f4a        (base_comm.py:212 [12-08-2024 14:48:49])
[DEBUG]: Current comms: []        (base_comm.py:215 [12-08-2024 14:48:49])
