[INFO]: Logging setup completed at 09-08-2024-125042        (utils.py:62 [09-08-2024 12:50:42])
[ERROR]: No such comm target registered: jupyter.widget.control        (manager.py:46 [09-08-2024 12:50:44])
[WARNING]: No such comm: df6c9dea-6edf-415c-9c25-621bdc3a0a37        (base_comm.py:246 [09-08-2024 12:50:44])
[DEBUG]: Current comms: []        (base_comm.py:249 [09-08-2024 12:50:44])
[INFO]: Using DEVICE: cuda:0        (1573211901.py:2 [09-08-2024 12:50:44])
[INFO]: USE_KNOWLEDGE: True        (1573211901.py:5 [09-08-2024 12:50:44])
[WARNING]: Hidden activation set but no hidden layers        (mlp.py:22 [09-08-2024 12:50:45])
[WARNING]: Hidden activation set but no hidden layers        (mlp.py:22 [09-08-2024 12:50:45])
[DEBUG]: XYEncoder has x_dim=1 and y_dim=1        (xy_encoders.py:57 [09-08-2024 12:50:45])
[INFO]: Saving new best val loss model at iter 1        (train.py:121 [09-08-2024 12:50:48])
[INFO]: Using DEVICE: cuda:0        (278275134.py:2 [09-08-2024 12:51:19])
[INFO]: USE_KNOWLEDGE: True        (278275134.py:5 [09-08-2024 12:51:19])
[WARNING]: Hidden activation set but no hidden layers        (mlp.py:22 [09-08-2024 12:51:32])
[WARNING]: Hidden activation set but no hidden layers        (mlp.py:22 [09-08-2024 12:51:32])
[DEBUG]: XYEncoder has x_dim=1 and y_dim=1        (xy_encoders.py:57 [09-08-2024 12:51:32])
[INFO]: Saving new best val loss model at iter 1        (train.py:121 [09-08-2024 12:51:33])
[INFO]: Using DEVICE: cuda:0        (342728422.py:2 [09-08-2024 12:52:17])
[INFO]: USE_KNOWLEDGE: True        (342728422.py:5 [09-08-2024 12:52:17])
[WARNING]: Hidden activation set but no hidden layers        (mlp.py:22 [09-08-2024 12:52:18])
[WARNING]: Hidden activation set but no hidden layers        (mlp.py:22 [09-08-2024 12:52:18])
[DEBUG]: XYEncoder has x_dim=1 and y_dim=1        (xy_encoders.py:57 [09-08-2024 12:52:18])
[INFO]: Saving new best val loss model at iter 1        (train.py:121 [09-08-2024 12:52:19])
[WARNING]: Hidden activation set but no hidden layers        (mlp.py:22 [09-08-2024 12:53:05])
[WARNING]: Hidden activation set but no hidden layers        (mlp.py:22 [09-08-2024 12:53:05])
[DEBUG]: XYEncoder has x_dim=1 and y_dim=1        (xy_encoders.py:57 [09-08-2024 12:53:05])
[INFO]: Saving new best val loss model at iter 1        (train.py:121 [09-08-2024 12:53:07])
[WARNING]: Hidden activation set but no hidden layers        (mlp.py:22 [09-08-2024 12:53:56])
[WARNING]: Hidden activation set but no hidden layers        (mlp.py:22 [09-08-2024 12:53:56])
[DEBUG]: XYEncoder has x_dim=1 and y_dim=1        (xy_encoders.py:57 [09-08-2024 12:53:56])
[INFO]: Saving new best val loss model at iter 1        (train.py:121 [09-08-2024 12:53:57])
[WARNING]: Hidden activation set but no hidden layers        (mlp.py:22 [09-08-2024 12:54:28])
[WARNING]: Hidden activation set but no hidden layers        (mlp.py:22 [09-08-2024 12:54:28])
[DEBUG]: XYEncoder has x_dim=1 and y_dim=1        (xy_encoders.py:57 [09-08-2024 12:54:28])
[INFO]: Saving new best val loss model at iter 1        (train.py:121 [09-08-2024 12:54:30])
[WARNING]: Hidden activation set but no hidden layers        (mlp.py:22 [09-08-2024 12:54:56])
[WARNING]: Hidden activation set but no hidden layers        (mlp.py:22 [09-08-2024 12:54:56])
[DEBUG]: XYEncoder has x_dim=1 and y_dim=1        (xy_encoders.py:57 [09-08-2024 12:54:56])
[INFO]: Saving new best val loss model at iter 1        (train.py:121 [09-08-2024 12:54:58])
[WARNING]: Hidden activation set but no hidden layers        (mlp.py:22 [09-08-2024 12:55:28])
[WARNING]: Hidden activation set but no hidden layers        (mlp.py:22 [09-08-2024 12:55:28])
[DEBUG]: XYEncoder has x_dim=1 and y_dim=1        (xy_encoders.py:57 [09-08-2024 12:55:28])
[INFO]: Saving new best val loss model at iter 1        (train.py:121 [09-08-2024 12:55:29])
[WARNING]: Hidden activation set but no hidden layers        (mlp.py:22 [09-08-2024 12:56:00])
[WARNING]: Hidden activation set but no hidden layers        (mlp.py:22 [09-08-2024 12:56:00])
[DEBUG]: XYEncoder has x_dim=1 and y_dim=1        (xy_encoders.py:57 [09-08-2024 12:56:00])
[INFO]: Using DEVICE: cuda:0        (118886079.py:2 [09-08-2024 12:56:13])
[INFO]: USE_KNOWLEDGE: True        (118886079.py:5 [09-08-2024 12:56:13])
[WARNING]: Hidden activation set but no hidden layers        (mlp.py:22 [09-08-2024 12:56:18])
[WARNING]: Hidden activation set but no hidden layers        (mlp.py:22 [09-08-2024 12:56:18])
[DEBUG]: XYEncoder has x_dim=1 and y_dim=1        (xy_encoders.py:57 [09-08-2024 12:56:18])
[INFO]: Saving new best val loss model at iter 1        (train.py:121 [09-08-2024 12:56:19])
[INFO]: Removing model at path '../exp/np-kdropsweep-rs-85_iter1.pt'        (train.py:128 [09-08-2024 12:56:25])
[INFO]: Saving new best val loss model at iter 250 to path ../exp/np-kdropsweep-rs-85_iter250.pt        (train.py:133 [09-08-2024 12:56:25])
[INFO]: Removing model at path '../exp/np-kdropsweep-rs-85_iter250.pt'        (train.py:128 [09-08-2024 12:56:31])
[INFO]: Saving new best val loss model at iter 500 to path ../exp/np-kdropsweep-rs-85_iter500.pt        (train.py:133 [09-08-2024 12:56:31])
[INFO]: Removing model at path '../exp/np-kdropsweep-rs-85_iter500.pt'        (train.py:128 [09-08-2024 12:56:57])
[INFO]: Saving new best val loss model at iter 1750 to path ../exp/np-kdropsweep-rs-85_iter1750.pt        (train.py:133 [09-08-2024 12:56:57])
[INFO]: time_since_prev_best_val >=5. EXITING TRAINING        (train.py:147 [09-08-2024 12:57:24])
[WARNING]: Hidden activation set but no hidden layers        (mlp.py:22 [09-08-2024 12:57:45])
[WARNING]: Hidden activation set but no hidden layers        (mlp.py:22 [09-08-2024 12:57:45])
[DEBUG]: XYEncoder has x_dim=1 and y_dim=1        (xy_encoders.py:57 [09-08-2024 12:57:45])
[INFO]: Saving new best val loss model at iter 1        (train.py:121 [09-08-2024 12:57:46])
[INFO]: Removing model at path '../exp/np-kdropsweep-rs-85_iter1.pt'        (train.py:128 [09-08-2024 12:57:52])
[INFO]: Saving new best val loss model at iter 250 to path ../exp/np-kdropsweep-rs-85_iter250.pt        (train.py:133 [09-08-2024 12:57:52])
[INFO]: Removing model at path '../exp/np-kdropsweep-rs-85_iter250.pt'        (train.py:128 [09-08-2024 12:57:57])
[INFO]: Saving new best val loss model at iter 500 to path ../exp/np-kdropsweep-rs-85_iter500.pt        (train.py:133 [09-08-2024 12:57:57])
[WARNING]: Hidden activation set but no hidden layers        (mlp.py:22 [09-08-2024 12:58:01])
[WARNING]: Hidden activation set but no hidden layers        (mlp.py:22 [09-08-2024 12:58:01])
[DEBUG]: XYEncoder has x_dim=1 and y_dim=1        (xy_encoders.py:57 [09-08-2024 12:58:01])
[INFO]: Saving new best val loss model at iter 1        (train.py:121 [09-08-2024 12:58:02])
[INFO]: Removing model at path '../exp/np-kdropsweep-rs-85_iter1.pt'        (train.py:128 [09-08-2024 12:58:07])
[INFO]: Saving new best val loss model at iter 250 to path ../exp/np-kdropsweep-rs-85_iter250.pt        (train.py:133 [09-08-2024 12:58:07])
[INFO]: Removing model at path '../exp/np-kdropsweep-rs-85_iter250.pt'        (train.py:128 [09-08-2024 12:58:12])
[INFO]: Saving new best val loss model at iter 500 to path ../exp/np-kdropsweep-rs-85_iter500.pt        (train.py:133 [09-08-2024 12:58:12])
[INFO]: time_since_prev_best_val >=5. EXITING TRAINING        (train.py:147 [09-08-2024 12:58:38])
[WARNING]: Hidden activation set but no hidden layers        (mlp.py:22 [09-08-2024 12:58:50])
[WARNING]: Hidden activation set but no hidden layers        (mlp.py:22 [09-08-2024 12:58:50])
[DEBUG]: XYEncoder has x_dim=1 and y_dim=1        (xy_encoders.py:57 [09-08-2024 12:58:50])
[INFO]: Saving new best val loss model at iter 1        (train.py:121 [09-08-2024 12:58:51])
[INFO]: Removing model at path '../exp/np-kdropsweep-rs-85_iter1.pt'        (train.py:128 [09-08-2024 12:58:57])
[INFO]: Saving new best val loss model at iter 250 to path ../exp/np-kdropsweep-rs-85_iter250.pt        (train.py:133 [09-08-2024 12:58:57])
[INFO]: Removing model at path '../exp/np-kdropsweep-rs-85_iter250.pt'        (train.py:128 [09-08-2024 12:59:02])
[INFO]: Saving new best val loss model at iter 500 to path ../exp/np-kdropsweep-rs-85_iter500.pt        (train.py:133 [09-08-2024 12:59:02])
[INFO]: time_since_prev_best_val >=5. EXITING TRAINING        (train.py:147 [09-08-2024 12:59:30])
